# 10.2 실행 계획 확인

## 10.2.1 실행 계획 출력 포맷

- MySQL 8.0 버전부터 FORMAT 옵션을 사용해 실행 계획 표시 방법을 변경할 수 있다.
    - 단순 테이블 `EXPLAIN …`
    - JSON `EXPLAIN FORMAT=TREE …`
    - TREE `EXPLAIN FORMAT=JSON …`
- 포맷 옵션별로 표시되는 정보 차이가 있을 수는 있지만 실행 계획 큰 흐름을 보여주는 데는 큰 차이가 없다.

## 10.2.2 쿼리의 실행 시간 확인

- MySQL 8.0.18 버전부터는 쿼리 실행 계획과 단계별 소요 시간 정보를 확인할 수 있는 `EXPLAIN ANALYZE` 기능이 추가되었다.
    - 항상 결과를 TREE 포맷으로 보여준다.

```sql
EXPLAIN ANALYZE
SELECT e.emp_no, avg(s.salary)
FROM employee e
	INNER JOIN salaries s ON s.emp_no=e.emp_no
		AND s.salary>50000
		AND s.from_date<='1990-01-01'
		AND s.to_date>'1990-01-01'
WHERE e.first_name='Matt'
GROUP BY e.hire_date \G

-> Table scan on <templorary> (actual time=0.001..0.004 rows=48 loops=1)
	-> Aggregate using templorary table (actual time=3.779..3.808 rows=48 loops=1)
		-> Nested loop inner join (cost=685.24 rows=135)
					(actual time=0.367...3.602 rows=48 loops=1)
			-> Index lookup on e using ix_firstname (first_name='Matt') (cost=215.08 rows=233)
					(actual time=0.348..1.046 rows-233 loops=1)
			-> Filter: ((s.salary>50000) and (s.from_date<=DATE'1990-0101')
								and (s.to_date>DATE'1990'01-01')) (cost=0.98 rows=1)
					(actual time=0.009..0.011 rows=0 loops=233)
				-> Index loopup on s using PRIMARY (emp_no=e.emp_no) (cost=0.98 rows=10)
					(actual time=0.007..0.009 rows-10 loops=233)
```

- TREE 포맷의 들여쓰기는 호출 순서를 의미한다.
    - 들여쓰기가 같은 레벨에서는 상단에 위치한 라인이 먼저 실행
    - 들여쓰기가 다른 레벨에서는 가장 안쪽에 위치한 라인이 먼저 실행
- 위 쿼리 실행 계획은 다음과 같다.
    1. `Index loopup on e using ix_firstname`
    2. `Index loopup on s using PRIMARY`
    3. `Filter`
    4. `Nested loop inner join`
    5. `Aggregate using temporary table`
    6. `Table scan on <templorary>`
- `EXPLAIN ANALYZE` 명령 결과엔 단계별 실제 소요 시간(actual time), 처리한 레코드 건수(rows) 그리고 반복 횟수(loops)가 표시된다.
    - **actual time**: 조건에 일치하는 레코드를 검색하는 데 걸린 시간이다. 값이 2개가 표시되는데 첫 번째 값은 첫 번째 레코드를 가져오는 데 걸린 평균 시간(밀리초)을 의미하고 두 번째 값은 마지막 레코드를 가져오는 데 걸린 평균 시간이다.
    - **rows**: 조건에 일치하는 평균 레코드 건수
    - **loops**: 레코드를 찾는 작업이 반복된 횟수를 의미한다.
- `EXPLAIN ANALYZE` 명령은 실제 쿼리를 실행하여 소요 시간을 보여주는 것이기 때문에 실행 계획이 아주 나쁜 경우라면 `EXPLAIN` 명령으로 어느 정도 튜닝 후 명령을 실행하는 것이 좋다.